#
# There is insufficient memory for the Java Runtime Environment to continue.
# Native memory allocation (mmap) failed to map 266338304 bytes for G1 virtual space
# Possible reasons:
#   The system is out of physical RAM or swap space
#   The process is running with CompressedOops enabled, and the Java Heap may be blocking the growth of the native heap
# Possible solutions:
#   Reduce memory load on the system
#   Increase physical memory or swap space
#   Check if swap backing store is full
#   Decrease Java heap size (-Xmx/-Xms)
#   Decrease number of Java threads
#   Decrease Java thread stack sizes (-Xss)
#   Set larger code cache with -XX:ReservedCodeCacheSize=
#   JVM is running with Zero Based Compressed Oops mode in which the Java heap is
#     placed in the first 32GB address space. The Java Heap base address is the
#     maximum limit for the native heap growth. Please use -XX:HeapBaseMinAddress
#     to set the Java Heap base and to place the Java Heap above 32GB virtual address.
# This output file may be truncated or incomplete.
#
#  Out of Memory Error (os_windows.cpp:3466), pid=32296, tid=19532
#
# JRE version:  (16.0.2+7) (build )
# Java VM: Java HotSpot(TM) 64-Bit Server VM (16.0.2+7-67, mixed mode, sharing, tiered, compressed oops, compressed class ptrs, g1 gc, windows-amd64)
# No core dump will be written. Minidumps are not enabled by default on client versions of Windows
#

---------------  S U M M A R Y ------------

Command Line: -Dfile.encoding=Cp1252 -XX:+ShowCodeDetailsInExceptionMessages Main

Host: Intel(R) Core(TM) i7-10750H CPU @ 2.60GHz, 12 cores, 15G,  Windows 10 , 64 bit Build 22000 (10.0.22000.613)
Time: Sun May  1 01:34:48 2022 India Standard Time elapsed time: 0.011656 seconds (0d 0h 0m 0s)

---------------  T H R E A D  ---------------

Current thread (0x000001e5c4d4bcb0):  JavaThread "Unknown thread" [_thread_in_vm, id=19532, stack(0x000000bf08300000,0x000000bf08400000)]

Stack: [0x000000bf08300000,0x000000bf08400000]
Native frames: (J=compiled Java code, j=interpreted, Vv=VM code, C=native code)
V  [jvm.dll+0x6681ca]
V  [jvm.dll+0x7c9e69]
V  [jvm.dll+0x7cb61e]
V  [jvm.dll+0x7cbc73]
V  [jvm.dll+0x242c55]
V  [jvm.dll+0x664f89]
V  [jvm.dll+0x659b75]
V  [jvm.dll+0x2fbfbb]
V  [jvm.dll+0x3031b6]
V  [jvm.dll+0x35299e]
V  [jvm.dll+0x352bcf]
V  [jvm.dll+0x2d3028]
V  [jvm.dll+0x2d4264]
V  [jvm.dll+0x79c741]
V  [jvm.dll+0x360791]
V  [jvm.dll+0x77a3f0]
V  [jvm.dll+0x3e4e8f]
V  [jvm.dll+0x3e6961]
C  [jli.dll+0x52fb]
C  [ucrtbase.dll+0x26c0c]
C  [KERNEL32.DLL+0x154e0]
C  [ntdll.dll+0x485b]


---------------  P R O C E S S  ---------------

Threads class SMR info:
_java_thread_list=0x00007ffb6053cbb8, length=0, elements={
}

Java Threads: ( => current thread )

Other Threads:
  0x000001e5c4d9ef30 GCTaskThread "GC Thread#0" [stack: 0x000000bf08400000,0x000000bf08500000] [id=27800]
  0x000001e5c4dee010 ConcurrentGCThread "G1 Main Marker" [stack: 0x000000bf08500000,0x000000bf08600000] [id=24524]
  0x000001e5c4defa90 ConcurrentGCThread "G1 Conc#0" [stack: 0x000000bf08600000,0x000000bf08700000] [id=25116]

[error occurred during error reporting (printing all threads), id 0xc0000005, EXCEPTION_ACCESS_VIOLATION (0xc0000005) at pc=0x00007ffb5fd13ee7]

VM state: not at safepoint (not fully initialized)

VM Mutex/Monitor currently owned by a thread:  ([mutex/lock_event])
[0x000001e5c4c7b560] Heap_lock - owner thread: 0x000001e5c4d4bcb0

Heap address: 0x0000000703200000, size: 4046 MB, Compressed Oops mode: Zero based, Oop shift amount: 3

CDS archive(s) mapped at: [0x0000000000000000-0x0000000000000000-0x0000000000000000), size 0, SharedBaseAddress: 0x0000000800000000, ArchiveRelocationMode: 0.
Narrow klass base: 0x0000000000000000, Narrow klass shift: 0, Narrow klass range: 0x0

GC Precious Log:
<Empty>

Heap:
 garbage-first heap   total 0K, used 0K [0x0000000703200000, 0x0000000800000000)
  region size 2048K, 0 young (0K), 0 survivors (0K)

[error occurred during error reporting (printing heap information), id 0xc0000005, EXCEPTION_ACCESS_VIOLATION (0xc0000005) at pc=0x00007ffb600f1eed]

GC Heap History (0 events):
No events

Deoptimization events (0 events):
No events

Classes unloaded (0 events):
No events

Classes redefined (0 events):
No events

Internal exceptions (0 events):
No events

Events (1 events):
Event: 0.008 Loaded shared library C:\Program Files\Java\jdk-16.0.2\bin\java.dll


Dynamic libraries:
0x00007ff763050000 - 0x00007ff763060000 	C:\Program Files\Java\jdk-16.0.2\bin\javaw.exe
0x00007ffc00ba0000 - 0x00007ffc00da9000 	C:\WINDOWS\SYSTEM32\ntdll.dll
0x00007ffbff930000 - 0x00007ffbff9ed000 	C:\WINDOWS\System32\KERNEL32.DLL
0x00007ffbfe270000 - 0x00007ffbfe5e4000 	C:\WINDOWS\System32\KERNELBASE.dll
0x00007ffbfe920000 - 0x00007ffbfea31000 	C:\WINDOWS\System32\ucrtbase.dll
0x00007ffbe75c0000 - 0x00007ffbe75d8000 	C:\Program Files\Java\jdk-16.0.2\bin\jli.dll
0x00007ffbe7f10000 - 0x00007ffbe7f29000 	C:\Program Files\Java\jdk-16.0.2\bin\VCRUNTIME140.dll
0x00007ffbfea40000 - 0x00007ffbfeaee000 	C:\WINDOWS\System32\ADVAPI32.dll
0x00007ffbff880000 - 0x00007ffbff923000 	C:\WINDOWS\System32\msvcrt.dll
0x00007ffc00830000 - 0x00007ffc008ce000 	C:\WINDOWS\System32\sechost.dll
0x00007ffbff2a0000 - 0x00007ffbff3c0000 	C:\WINDOWS\System32\RPCRT4.dll
0x00007ffc00620000 - 0x00007ffc007cc000 	C:\WINDOWS\System32\USER32.dll
0x00007ffbfe090000 - 0x00007ffbfe0b6000 	C:\WINDOWS\System32\win32u.dll
0x00007ffc00460000 - 0x00007ffc00489000 	C:\WINDOWS\System32\GDI32.dll
0x00007ffbfe5f0000 - 0x00007ffbfe702000 	C:\WINDOWS\System32\gdi32full.dll
0x00007ffbfe710000 - 0x00007ffbfe7ad000 	C:\WINDOWS\System32\msvcp_win.dll
0x00007ffbf4080000 - 0x00007ffbf408a000 	C:\WINDOWS\SYSTEM32\VERSION.dll
0x00007ffbdfda0000 - 0x00007ffbe0045000 	C:\WINDOWS\WinSxS\amd64_microsoft.windows.common-controls_6595b64144ccf1df_6.0.22000.120_none_9d947278b86cc467\COMCTL32.dll
0x00007ffbff510000 - 0x00007ffbff541000 	C:\WINDOWS\System32\IMM32.DLL
0x00007ffbfa130000 - 0x00007ffbfa13c000 	C:\Program Files\Java\jdk-16.0.2\bin\vcruntime140_1.dll
0x00007ffbb0950000 - 0x00007ffbb09e1000 	C:\Program Files\Java\jdk-16.0.2\bin\msvcp140.dll
0x00007ffb5fa30000 - 0x00007ffb605db000 	C:\Program Files\Java\jdk-16.0.2\bin\server\jvm.dll
0x00007ffc00200000 - 0x00007ffc00208000 	C:\WINDOWS\System32\PSAPI.DLL
0x00007ffbf5db0000 - 0x00007ffbf5de3000 	C:\WINDOWS\SYSTEM32\WINMM.dll
0x00007ffbde030000 - 0x00007ffbde039000 	C:\WINDOWS\SYSTEM32\WSOCK32.dll
0x00007ffc00490000 - 0x00007ffc004ff000 	C:\WINDOWS\System32\WS2_32.dll
0x00007ffbfd250000 - 0x00007ffbfd268000 	C:\WINDOWS\SYSTEM32\kernel.appcore.dll
0x00007ffbe7ee0000 - 0x00007ffbe7eea000 	C:\Program Files\Java\jdk-16.0.2\bin\jimage.dll
0x00007ffbfbab0000 - 0x00007ffbfbcd1000 	C:\WINDOWS\SYSTEM32\DBGHELP.DLL
0x00007ffbf1760000 - 0x00007ffbf1791000 	C:\WINDOWS\SYSTEM32\dbgcore.DLL
0x00007ffbfe0c0000 - 0x00007ffbfe13f000 	C:\WINDOWS\System32\bcryptPrimitives.dll
0x00007ffbc4670000 - 0x00007ffbc4695000 	C:\Program Files\Java\jdk-16.0.2\bin\java.dll

dbghelp: loaded successfully - version: 4.0.5 - missing functions: none
symbol engine: initialized successfully - sym options: 0x614 - pdb path: .;C:\Program Files\Java\jdk-16.0.2\bin;C:\WINDOWS\SYSTEM32;C:\WINDOWS\WinSxS\amd64_microsoft.windows.common-controls_6595b64144ccf1df_6.0.22000.120_none_9d947278b86cc467;C:\Program Files\Java\jdk-16.0.2\bin\server

VM Arguments:
jvm_args: -Dfile.encoding=Cp1252 -XX:+ShowCodeDetailsInExceptionMessages 
java_command: Main
java_class_path (initial): D:\Codes\Java\JavaeclipseTEST\FindMyFlight\bin
Launcher Type: SUN_STANDARD

[Global flags]
     intx CICompilerCount                          = 4                                         {product} {ergonomic}
     uint ConcGCThreads                            = 3                                         {product} {ergonomic}
     uint G1ConcRefinementThreads                  = 10                                        {product} {ergonomic}
   size_t G1HeapRegionSize                         = 2097152                                   {product} {ergonomic}
    uintx GCDrainStackTargetSize                   = 64                                        {product} {ergonomic}
   size_t InitialHeapSize                          = 266338304                                 {product} {ergonomic}
   size_t MarkStackSize                            = 4194304                                   {product} {ergonomic}
   size_t MaxHeapSize                              = 4242538496                                {product} {ergonomic}
   size_t MinHeapDeltaBytes                        = 2097152                                   {product} {ergonomic}
   size_t MinHeapSize                              = 8388608                                   {product} {ergonomic}
    uintx NonNMethodCodeHeapSize                   = 5839372                                {pd product} {ergonomic}
    uintx NonProfiledCodeHeapSize                  = 122909434                              {pd product} {ergonomic}
    uintx ProfiledCodeHeapSize                     = 122909434                              {pd product} {ergonomic}
    uintx ReservedCodeCacheSize                    = 251658240                              {pd product} {ergonomic}
     bool SegmentedCodeCache                       = true                                      {product} {ergonomic}
     bool ShowCodeDetailsInExceptionMessages       = true                                   {manageable} {command line}
   size_t SoftMaxHeapSize                          = 4242538496                             {manageable} {ergonomic}
     bool UseCompressedClassPointers               = true                           {product lp64_product} {ergonomic}
     bool UseCompressedOops                        = true                           {product lp64_product} {ergonomic}
     bool UseG1GC                                  = true                                      {product} {ergonomic}
     bool UseLargePagesIndividualAllocation        = false                                  {pd product} {ergonomic}

Logging:
Log output configuration:
 #0: stdout all=warning uptime,level,tags
 #1: stderr all=off uptime,level,tags

Environment Variables:
CLASSPATH=C:\Program Files\Java\jdk1.8.0_301\lib;.
PATH=C:/Program Files/Java/jdk-16.0.2/bin/server;C:/Program Files/Java/jdk-16.0.2/bin;C:\Users\Sayan Banerjee\AppData\Local\Programs\Python\Python310\Scripts\;C:\Users\Sayan Banerjee\AppData\Local\Programs\Python\Python310\;C:\ActiveTcl\bin;C:\MinGW\bin;C:\MinGW\libexec\gcc\x86_64-w64-mingw32\11.1.0;C:\Program Files\Common Files\Oracle\Java\javapath;C:\Program Files (x86)\Common Files\Oracle\Java\javapath;C:\Windows\system32;C:\Windows;C:\Windows\System32\Wbem;C:\Windows\System32\WindowsPowerShell\v1.0\;C:\Windows\System32\OpenSSH\;C:\Program Files\NVIDIA Corporation\NVIDIA NvDLISR;C:\Program Files\Git\cmd;C:\cygwin64\bin;C:\Program Files\MySQL\MySQL Shell 8.0\bin\;C:\wamp64\bin\php\php5.6.40;C:\wamp64\bin\php\php7.3.21;C:\wamp64\bin\php\php7.4.9;C:\wamp64\bin\mysql\mysql5.7.31\bin;C:\Program Files (x86)\GnuWin32\bin;C:\TURBOC3\BIN;C:\msys64\mingw64\bin;C:\Program Files\Java\jdk1.8.0_301\bin;C:\Program Files\Java\jre1.8.0_301\bin;C:\Program Files\MySQL\MySQL Server 8.0\bin;C:\Program Files\MySQL\MySQL Shell 8.0\bin;D:\Anaconda\bin;D:\Anaconda\condabin;D:\Dazel\applicationsAndPrograms\Anaconda3\Library\bin;C:\Program Files (x86)\NVIDIA Corporation\PhysX\Common;C:\WINDOWS\system32;C:\WINDOWS;C:\WINDOWS\System32\Wbem;C:\WINDOWS\System32\WindowsPowerShell\v1.0\;C:\WINDOWS\System32\OpenSSH\;C:\Program Files\CMake\bin;C:\Program Files (x86)\dotnet\;C:\Program Files\nodejs\;C:\ProgramData\chocolatey\bin;C:\Program Files\dotnet\;C:\adb;C:\Users\Sayan Banerjee\AppData\Local\Programs\Python\Python310\Scripts\;C:\Users\Sayan Banerjee\AppData\Local\Programs\Python\Python310\;C:\Program Files\MySQL\MySQL Shell 8.0\bin\;D:\Dazel\applicationsAndPrograms\Anaconda3;D:\Dazel\applicationsAndPrograms\Anaconda3\Library\mingw-w64\bin;D:\Dazel\applicationsAndPrograms\Anaconda3\Library\usr\bin;D:\Dazel\applicationsAndPrograms\Anaconda3\Library\bin;D:\Dazel\applicationsAndPrograms\Anaconda3\Scripts;C:\Users\Sayan Banerjee\AppData\Local\Programs\Python\Python39\Scripts\;C:\Users\Sayan Banerjee\
USERNAME=Sayan Banerjee
OS=Windows_NT
PROCESSOR_IDENTIFIER=Intel64 Family 6 Model 165 Stepping 2, GenuineIntel



---------------  S Y S T E M  ---------------

OS:
 Windows 10 , 64 bit Build 22000 (10.0.22000.613)
OS uptime: 6 days 14:20 hours
Hyper-V role detected

CPU: total 12 (initial active 12) (6 cores per cpu, 2 threads per core) family 6 model 165 stepping 2 microcode 0xec, cx8, cmov, fxsr, ht, mmx, 3dnowpref, sse, sse2, sse3, ssse3, sse4.1, sse4.2, popcnt, lzcnt, tsc, tscinvbit, avx, avx2, aes, erms, clmul, bmi1, bmi2, adx, fma, vzeroupper, clflush, clflushopt, hv

Memory: 4k page, system-wide physical 16177M (3050M free)
TotalPageFile size 43968M (AvailPageFile size 108M)
current process WorkingSet (physical memory assigned to process): 10M, peak: 10M
current process commit charge ("private bytes"): 64M, peak: 318M

vm_info: Java HotSpot(TM) 64-Bit Server VM (16.0.2+7-67) for windows-amd64 JRE (16.0.2+7-67), built on Jun  8 2021 23:24:19 by "mach5one" with MS VC++ 16.7 (VS2019)

END.
